-0.30000    0.00000    0.00000    -0.30000    -0.35789    3.15702   0.0000000000       
-0.30000    0.00000    0.00000    -0.30000    -0.35789    3.76316   0.0680470053       
-0.30000    0.00000    0.00000    -0.30000    -0.35789    4.36931   0.1509221124       
-0.30000    0.00000    0.00000    -0.30000    -0.35789    4.97545   0.1985618817       
-0.30000    0.00000    0.00000    -0.30000    -0.35789    5.58160   0.2144617100       
-0.30000    0.00000    0.00000    -0.30000    -0.35789    6.18774   0.2094589076       
-0.30000    0.00000    0.00000    -0.30000    -0.35789    6.79388   0.1914409338       
-0.30000    0.00000    0.00000    -0.30000    -0.35789    7.40003   0.1678916438       
-0.30000    0.00000    0.00000    -0.30000    -0.35789    8.00617   0.1404270206       
-0.30000    0.00000    0.00000    -0.30000    -0.35789    8.61232   0.1128419309       
-0.30000    0.00000    0.00000    -0.30000    -0.35789    9.21846   0.0852932555       
-0.30000    0.00000    0.00000    -0.30000    -0.35789    9.82461   0.0590004285       
-0.30000    0.00000    0.00000    -0.30000    -0.35789    10.43075   0.0351065239       
-0.30000    0.00000    0.00000    -0.30000    -0.35789    11.03690   0.0145654916       
-0.30000    0.00000    0.00000    -0.30000    -0.35789    11.64304   0.0000000000       
-0.30000    0.00000    0.00000    -0.30000    -0.40000    3.15702   0.0000000000       
-0.30000    0.00000    0.00000    -0.30000    -0.40000    3.76316   0.0662303898       
-0.30000    0.00000    0.00000    -0.30000    -0.40000    4.36931   0.1464698633       
-0.30000    0.00000    0.00000    -0.30000    -0.40000    4.97545   0.1926705748       
-0.30000    0.00000    0.00000    -0.30000    -0.40000    5.58160   0.2087054950       
-0.30000    0.00000    0.00000    -0.30000    -0.40000    6.18774   0.2051435948       
-0.30000    0.00000    0.00000    -0.30000    -0.40000    6.79388   0.1893362565       
-0.30000    0.00000    0.00000    -0.30000    -0.40000    7.40003   0.1683584691       
-0.30000    0.00000    0.00000    -0.30000    -0.40000    8.00617   0.1436770490       
-0.30000    0.00000    0.00000    -0.30000    -0.40000    8.61232   0.1174046108       
-0.30000    0.00000    0.00000    -0.30000    -0.40000    9.21846   0.0907104912       
-0.30000    0.00000    0.00000    -0.30000    -0.40000    9.82461   0.0644620518       
-0.30000    0.00000    0.00000    -0.30000    -0.40000    10.43075   0.0390478463       
-0.30000    0.00000    0.00000    -0.30000    -0.40000    11.03690   0.0164438541       
-0.30000    0.00000    0.00000    -0.30000    -0.40000    11.64304   0.0000000000       
